chat_app/build/app/intermediates/manifest_merge_blame_file/debug/manifest-merger-blame-debug-report.txt
1<?xml version="1.0" encoding="utf-8"?>
2<manifest xmlns:android="http://schemas.android.com/apk/res/android"
3    package="com.example.chat_app"
4    android:versionCode="1"
5    android:versionName="1.0.0" >
6
7    <uses-sdk
8        android:minSdkVersion="16"
9        android:targetSdkVersion="29" />
10    <!--
11         Flutter needs it to communicate with the running application
12         to allow setting breakpoints, to provide hot reload, etc.
13    -->
14    <uses-permission android:name="android.permission.INTERNET" />
14-->src\debug\AndroidManifest.xml:6:5-66
14-->src\debug\AndroidManifest.xml:6:22-64
15    <uses-permission android:name="android.permission.ACCESS_NETWORK_STATE" />
15-->[:firebase_analytics] AndroidManifest.xml:7:5-79
15-->[:firebase_analytics] AndroidManifest.xml:7:22-76
16    <uses-permission android:name="android.permission.WAKE_LOCK" />
16-->[:firebase_analytics] AndroidManifest.xml:9:5-68
16-->[:firebase_analytics] AndroidManifest.xml:9:22-65
17    <uses-permission android:name="android.permission.READ_EXTERNAL_STORAGE" />
17-->[:image_picker] AndroidManifest.xml:7:5-80
17-->[:image_picker] AndroidManifest.xml:7:22-77
18    <uses-permission android:name="android.permission.WRITE_EXTERNAL_STORAGE" /> <!-- Required by older versions of Google Play services to create IID tokens -->
18-->[:image_picker] AndroidManifest.xml:8:5-81
18-->[:image_picker] AndroidManifest.xml:8:22-78
19    <uses-permission android:name="com.google.android.c2dm.permission.RECEIVE" />
19-->[com.google.firebase:firebase-iid:21.0.1] AndroidManifest.xml:26:5-82
19-->[com.google.firebase:firebase-iid:21.0.1] AndroidManifest.xml:26:22-79
20    <uses-permission android:name="com.google.android.finsky.permission.BIND_GET_INSTALL_REFERRER_SERVICE" />
20-->[com.google.android.gms:play-services-measurement:18.0.0] AndroidManifest.xml:26:5-110
20-->[com.google.android.gms:play-services-measurement:18.0.0] AndroidManifest.xml:26:22-107
21    <!--
22 io.flutter.app.FlutterApplication is an android.app.Application that
23         calls FlutterMain.startInitialization(this); in its onCreate method.
24         In most cases you can leave this as-is, but you if you want to provide
25         additional functionality it is fine to subclass or reimplement
26         FlutterApplication and put your custom class here.
27    -->
28    <application
28-->src\main\AndroidManifest.xml:8:5-50:19
29        android:name="io.flutter.app.FlutterApplication"
29-->src\main\AndroidManifest.xml:9:9-57
30        android:appComponentFactory="androidx.core.app.CoreComponentFactory"
30-->[androidx.core:core:1.1.0] AndroidManifest.xml:24:18-86
31        android:debuggable="true"
32        android:icon="@mipmap/ic_launcher"
32-->src\main\AndroidManifest.xml:11:9-43
33        android:label="chat_app" >
33-->src\main\AndroidManifest.xml:10:9-33
34        <activity
34-->src\main\AndroidManifest.xml:12:9-44:20
35            android:name="com.example.chat_app.MainActivity"
35-->src\main\AndroidManifest.xml:13:13-41
36            android:configChanges="orientation|keyboardHidden|keyboard|screenSize|smallestScreenSize|locale|layoutDirection|fontScale|screenLayout|density|uiMode"
36-->src\main\AndroidManifest.xml:16:13-163
37            android:hardwareAccelerated="true"
37-->src\main\AndroidManifest.xml:17:13-47
38            android:launchMode="singleTop"
38-->src\main\AndroidManifest.xml:14:13-43
39            android:theme="@style/LaunchTheme"
39-->src\main\AndroidManifest.xml:15:13-47
40            android:windowSoftInputMode="adjustResize" >
40-->src\main\AndroidManifest.xml:18:13-55
41
42            <!--
43                 Specifies an Android theme to apply to this Activity as soon as
44                 the Android process has started. This theme is visible to the user
45                 while the Flutter UI initializes. After that, this theme continues
46                 to determine the Window background behind the Flutter UI.
47            -->
48            <meta-data
48-->src\main\AndroidManifest.xml:23:13-26:17
49                android:name="io.flutter.embedding.android.NormalTheme"
49-->src\main\AndroidManifest.xml:24:15-70
50                android:resource="@style/NormalTheme" />
50-->src\main\AndroidManifest.xml:25:15-52
51            <!--
52                 Displays an Android View that continues showing the launch screen
53                 Drawable until Flutter paints its first frame, then this splash
54                 screen fades out. A splash screen is useful to avoid any visual
55                 gap between the end of Android's launch screen and the painting of
56                 Flutter's first frame.
57            -->
58            <meta-data
58-->src\main\AndroidManifest.xml:32:13-35:17
59                android:name="io.flutter.embedding.android.SplashScreenDrawable"
59-->src\main\AndroidManifest.xml:33:15-79
60                android:resource="@drawable/launch_background" />
60-->src\main\AndroidManifest.xml:34:15-61
61
62            <intent-filter>
62-->src\main\AndroidManifest.xml:36:13-39:29
63                <action android:name="android.intent.action.MAIN" />
63-->src\main\AndroidManifest.xml:37:17-68
63-->src\main\AndroidManifest.xml:37:25-66
64
65                <category android:name="android.intent.category.LAUNCHER" />
65-->src\main\AndroidManifest.xml:38:17-76
65-->src\main\AndroidManifest.xml:38:27-74
66            </intent-filter>
67            <intent-filter>
67-->src\main\AndroidManifest.xml:40:13-43:29
68                <action android:name="FLUTTER_NOTIFICATION_CLICK" />
68-->src\main\AndroidManifest.xml:41:17-69
68-->src\main\AndroidManifest.xml:41:25-66
69
70                <category android:name="android.intent.category.DEFAULT" />
70-->src\main\AndroidManifest.xml:42:17-76
70-->src\main\AndroidManifest.xml:42:27-73
71            </intent-filter>
72        </activity>
73        <!--
74             Don't delete the meta-data below.
75             This is used by the Flutter tool to generate GeneratedPluginRegistrant.java
76        -->
77        <meta-data
77-->src\main\AndroidManifest.xml:47:9-49:33
78            android:name="flutterEmbedding"
78-->src\main\AndroidManifest.xml:48:13-44
79            android:value="2" />
79-->src\main\AndroidManifest.xml:49:13-30
80
81        <service
81-->[:firebase_analytics] AndroidManifest.xml:12:9-16:19
82            android:name="com.google.firebase.components.ComponentDiscoveryService"
82-->[:firebase_analytics] AndroidManifest.xml:12:18-89
83            android:directBootAware="true"
83-->[com.google.firebase:firebase-common:19.5.0] AndroidManifest.xml:35:13-43
84            android:exported="false" >
84-->[com.google.firebase:firebase-auth:20.0.1] AndroidManifest.xml:76:13-37
85            <meta-data
85-->[:firebase_analytics] AndroidManifest.xml:13:13-15:85
86                android:name="com.google.firebase.components:io.flutter.plugins.firebaseanalytics.FlutterFirebaseAppRegistrar"
86-->[:firebase_analytics] AndroidManifest.xml:14:17-127
87                android:value="com.google.firebase.components.ComponentRegistrar" />
87-->[:firebase_analytics] AndroidManifest.xml:15:17-82
88            <meta-data
88-->[:firebase_auth] AndroidManifest.xml:9:13-11:85
89                android:name="com.google.firebase.components:io.flutter.plugins.firebase.auth.FlutterFirebaseAuthRegistrar"
89-->[:firebase_auth] AndroidManifest.xml:10:17-124
90                android:value="com.google.firebase.components.ComponentRegistrar" />
90-->[:firebase_auth] AndroidManifest.xml:11:17-82
91            <meta-data
91-->[:firebase_messaging] AndroidManifest.xml:14:13-16:85
92                android:name="com.google.firebase.components:io.flutter.plugins.firebasemessaging.FlutterFirebaseAppRegistrar"
92-->[:firebase_messaging] AndroidManifest.xml:15:17-127
93                android:value="com.google.firebase.components.ComponentRegistrar" />
93-->[:firebase_messaging] AndroidManifest.xml:16:17-82
94            <meta-data
94-->[:cloud_firestore] AndroidManifest.xml:9:13-11:85
95                android:name="com.google.firebase.components:io.flutter.plugins.firebase.firestore.FlutterFirebaseFirestoreRegistrar"
95-->[:cloud_firestore] AndroidManifest.xml:10:17-134
96                android:value="com.google.firebase.components.ComponentRegistrar" />
96-->[:cloud_firestore] AndroidManifest.xml:11:17-82
97            <meta-data
97-->[:firebase_storage] AndroidManifest.xml:9:13-11:85
98                android:name="com.google.firebase.components:io.flutter.plugins.firebase.storage.FlutterFirebaseAppRegistrar"
98-->[:firebase_storage] AndroidManifest.xml:10:17-126
99                android:value="com.google.firebase.components.ComponentRegistrar" />
99-->[:firebase_storage] AndroidManifest.xml:11:17-82
100            <meta-data
100-->[:firebase_core] AndroidManifest.xml:9:13-11:85
101                android:name="com.google.firebase.components:io.flutter.plugins.firebase.core.FlutterFirebaseCoreRegistrar"
101-->[:firebase_core] AndroidManifest.xml:10:17-124
102                android:value="com.google.firebase.components.ComponentRegistrar" />
102-->[:firebase_core] AndroidManifest.xml:11:17-82
103            <meta-data
103-->[com.google.firebase:firebase-auth:20.0.1] AndroidManifest.xml:77:13-79:85
104                android:name="com.google.firebase.components:com.google.firebase.auth.FirebaseAuthRegistrar"
104-->[com.google.firebase:firebase-auth:20.0.1] AndroidManifest.xml:78:17-109
105                android:value="com.google.firebase.components.ComponentRegistrar" />
105-->[com.google.firebase:firebase-auth:20.0.1] AndroidManifest.xml:79:17-82
106            <meta-data
106-->[com.google.firebase:firebase-firestore:22.0.1] AndroidManifest.xml:20:13-22:85
107                android:name="com.google.firebase.components:com.google.firebase.firestore.FirestoreRegistrar"
107-->[com.google.firebase:firebase-firestore:22.0.1] AndroidManifest.xml:21:17-111
108                android:value="com.google.firebase.components.ComponentRegistrar" />
108-->[com.google.firebase:firebase-firestore:22.0.1] AndroidManifest.xml:22:17-82
109            <meta-data
109-->[com.google.firebase:firebase-messaging:21.0.1] AndroidManifest.xml:39:13-41:85
110                android:name="com.google.firebase.components:com.google.firebase.messaging.FirebaseMessagingRegistrar"
110-->[com.google.firebase:firebase-messaging:21.0.1] AndroidManifest.xml:40:17-119
111                android:value="com.google.firebase.components.ComponentRegistrar" />
111-->[com.google.firebase:firebase-messaging:21.0.1] AndroidManifest.xml:41:17-82
112            <meta-data
112-->[com.google.firebase:firebase-storage:19.2.1] AndroidManifest.xml:33:13-35:85
113                android:name="com.google.firebase.components:com.google.firebase.storage.StorageRegistrar"
113-->[com.google.firebase:firebase-storage:19.2.1] AndroidManifest.xml:34:17-107
114                android:value="com.google.firebase.components.ComponentRegistrar" />
114-->[com.google.firebase:firebase-storage:19.2.1] AndroidManifest.xml:35:17-82
115            <meta-data
115-->[com.google.firebase:firebase-iid:21.0.1] AndroidManifest.xml:32:13-34:85
116                android:name="com.google.firebase.components:com.google.firebase.iid.Registrar"
116-->[com.google.firebase:firebase-iid:21.0.1] AndroidManifest.xml:33:17-96
117                android:value="com.google.firebase.components.ComponentRegistrar" />
117-->[com.google.firebase:firebase-iid:21.0.1] AndroidManifest.xml:34:17-82
118            <meta-data
118-->[com.google.android.gms:play-services-measurement-api:18.0.0] AndroidManifest.xml:30:13-32:85
119                android:name="com.google.firebase.components:com.google.firebase.analytics.connector.internal.AnalyticsConnectorRegistrar"
119-->[com.google.android.gms:play-services-measurement-api:18.0.0] AndroidManifest.xml:31:17-139
120                android:value="com.google.firebase.components.ComponentRegistrar" />
120-->[com.google.android.gms:play-services-measurement-api:18.0.0] AndroidManifest.xml:32:17-82
121            <meta-data
121-->[com.google.firebase:firebase-datatransport:17.0.10] AndroidManifest.xml:28:13-30:85
122                android:name="com.google.firebase.components:com.google.firebase.datatransport.TransportRegistrar"
122-->[com.google.firebase:firebase-datatransport:17.0.10] AndroidManifest.xml:29:17-115
123                android:value="com.google.firebase.components.ComponentRegistrar" />
123-->[com.google.firebase:firebase-datatransport:17.0.10] AndroidManifest.xml:30:17-82
124            <meta-data
124-->[com.google.firebase:firebase-installations:16.3.5] AndroidManifest.xml:18:13-20:85
125                android:name="com.google.firebase.components:com.google.firebase.installations.FirebaseInstallationsRegistrar"
125-->[com.google.firebase:firebase-installations:16.3.5] AndroidManifest.xml:19:17-127
126                android:value="com.google.firebase.components.ComponentRegistrar" />
126-->[com.google.firebase:firebase-installations:16.3.5] AndroidManifest.xml:20:17-82
127            <!--
128                This registrar is not defined in the dynamic-module-support sdk itself to allow non-firebase
129                clients to use it as well, by defining this registrar in their own core/common library.
130            -->
131            <meta-data
131-->[com.google.firebase:firebase-common:19.5.0] AndroidManifest.xml:43:13-45:85
132                android:name="com.google.firebase.components:com.google.firebase.dynamicloading.DynamicLoadingRegistrar"
132-->[com.google.firebase:firebase-common:19.5.0] AndroidManifest.xml:44:17-121
133                android:value="com.google.firebase.components.ComponentRegistrar" />
133-->[com.google.firebase:firebase-common:19.5.0] AndroidManifest.xml:45:17-82
134        </service>
135        <service android:name="io.flutter.plugins.firebasemessaging.FlutterFirebaseMessagingService" >
135-->[:firebase_messaging] AndroidManifest.xml:8:9-12:19
135-->[:firebase_messaging] AndroidManifest.xml:8:18-101
136            <intent-filter>
136-->[:firebase_messaging] AndroidManifest.xml:9:13-11:29
137                <action android:name="com.google.firebase.MESSAGING_EVENT" />
137-->[:firebase_messaging] AndroidManifest.xml:10:17-78
137-->[:firebase_messaging] AndroidManifest.xml:10:25-75
138            </intent-filter>
139        </service>
140
141        <provider
141-->[:image_picker] AndroidManifest.xml:11:9-19:20
142            android:name="io.flutter.plugins.imagepicker.ImagePickerFileProvider"
142-->[:image_picker] AndroidManifest.xml:12:13-82
143            android:authorities="com.example.chat_app.flutter.image_provider"
143-->[:image_picker] AndroidManifest.xml:13:13-74
144            android:exported="false"
144-->[:image_picker] AndroidManifest.xml:14:13-37
145            android:grantUriPermissions="true" >
145-->[:image_picker] AndroidManifest.xml:15:13-47
146            <meta-data
146-->[:image_picker] AndroidManifest.xml:16:13-18:75
147                android:name="android.support.FILE_PROVIDER_PATHS"
147-->[:image_picker] AndroidManifest.xml:17:17-67
148                android:resource="@xml/flutter_image_picker_file_paths" />
148-->[:image_picker] AndroidManifest.xml:18:17-72
149        </provider>
150
151        <activity
151-->[com.google.firebase:firebase-auth:20.0.1] AndroidManifest.xml:27:9-44:20
152            android:name="com.google.firebase.auth.internal.GenericIdpActivity"
152-->[com.google.firebase:firebase-auth:20.0.1] AndroidManifest.xml:28:13-80
153            android:excludeFromRecents="true"
153-->[com.google.firebase:firebase-auth:20.0.1] AndroidManifest.xml:29:13-46
154            android:exported="true"
154-->[com.google.firebase:firebase-auth:20.0.1] AndroidManifest.xml:30:13-36
155            android:launchMode="singleTask"
155-->[com.google.firebase:firebase-auth:20.0.1] AndroidManifest.xml:31:13-44
156            android:theme="@android:style/Theme.Translucent.NoTitleBar" >
156-->[com.google.firebase:firebase-auth:20.0.1] AndroidManifest.xml:32:13-72
157            <intent-filter>
157-->[com.google.firebase:firebase-auth:20.0.1] AndroidManifest.xml:33:13-43:29
158                <action android:name="android.intent.action.VIEW" />
158-->[com.google.firebase:firebase-auth:20.0.1] AndroidManifest.xml:34:17-69
158-->[com.google.firebase:firebase-auth:20.0.1] AndroidManifest.xml:34:25-66
159
160                <category android:name="android.intent.category.DEFAULT" />
160-->src\main\AndroidManifest.xml:42:17-76
160-->src\main\AndroidManifest.xml:42:27-73
161                <category android:name="android.intent.category.BROWSABLE" />
161-->[com.google.firebase:firebase-auth:20.0.1] AndroidManifest.xml:37:17-78
161-->[com.google.firebase:firebase-auth:20.0.1] AndroidManifest.xml:37:27-75
162
163                <data
163-->[com.google.firebase:firebase-auth:20.0.1] AndroidManifest.xml:39:17-42:51
164                    android:host="firebase.auth"
164-->[com.google.firebase:firebase-auth:20.0.1] AndroidManifest.xml:40:21-49
165                    android:path="/"
165-->[com.google.firebase:firebase-auth:20.0.1] AndroidManifest.xml:41:21-37
166                    android:scheme="genericidp" />
166-->[com.google.firebase:firebase-auth:20.0.1] AndroidManifest.xml:42:21-48
167            </intent-filter>
168        </activity>
169        <activity
169-->[com.google.firebase:firebase-auth:20.0.1] AndroidManifest.xml:45:9-62:20
170            android:name="com.google.firebase.auth.internal.RecaptchaActivity"
170-->[com.google.firebase:firebase-auth:20.0.1] AndroidManifest.xml:46:13-79
171            android:excludeFromRecents="true"
171-->[com.google.firebase:firebase-auth:20.0.1] AndroidManifest.xml:47:13-46
172            android:exported="true"
172-->[com.google.firebase:firebase-auth:20.0.1] AndroidManifest.xml:48:13-36
173            android:launchMode="singleTask"
173-->[com.google.firebase:firebase-auth:20.0.1] AndroidManifest.xml:49:13-44
174            android:theme="@android:style/Theme.Translucent.NoTitleBar" >
174-->[com.google.firebase:firebase-auth:20.0.1] AndroidManifest.xml:50:13-72
175            <intent-filter>
175-->[com.google.firebase:firebase-auth:20.0.1] AndroidManifest.xml:51:13-61:29
176                <action android:name="android.intent.action.VIEW" />
176-->[com.google.firebase:firebase-auth:20.0.1] AndroidManifest.xml:34:17-69
176-->[com.google.firebase:firebase-auth:20.0.1] AndroidManifest.xml:34:25-66
177
178                <category android:name="android.intent.category.DEFAULT" />
178-->src\main\AndroidManifest.xml:42:17-76
178-->src\main\AndroidManifest.xml:42:27-73
179                <category android:name="android.intent.category.BROWSABLE" />
179-->[com.google.firebase:firebase-auth:20.0.1] AndroidManifest.xml:37:17-78
179-->[com.google.firebase:firebase-auth:20.0.1] AndroidManifest.xml:37:27-75
180
181                <data
181-->[com.google.firebase:firebase-auth:20.0.1] AndroidManifest.xml:39:17-42:51
182                    android:host="firebase.auth"
182-->[com.google.firebase:firebase-auth:20.0.1] AndroidManifest.xml:40:21-49
183                    android:path="/"
183-->[com.google.firebase:firebase-auth:20.0.1] AndroidManifest.xml:41:21-37
184                    android:scheme="recaptcha" />
184-->[com.google.firebase:firebase-auth:20.0.1] AndroidManifest.xml:42:21-48
185            </intent-filter>
186        </activity>
187
188        <service
188-->[com.google.firebase:firebase-auth:20.0.1] AndroidManifest.xml:64:9-73:19
189            android:name="com.google.firebase.auth.api.fallback.service.FirebaseAuthFallbackService"
189-->[com.google.firebase:firebase-auth:20.0.1] AndroidManifest.xml:65:13-101
190            android:enabled="true"
190-->[com.google.firebase:firebase-auth:20.0.1] AndroidManifest.xml:66:13-35
191            android:exported="false" >
191-->[com.google.firebase:firebase-auth:20.0.1] AndroidManifest.xml:67:13-37
192            <intent-filter>
192-->[com.google.firebase:firebase-auth:20.0.1] AndroidManifest.xml:68:13-72:29
193                <action android:name="com.google.firebase.auth.api.gms.service.START" />
193-->[com.google.firebase:firebase-auth:20.0.1] AndroidManifest.xml:69:17-89
193-->[com.google.firebase:firebase-auth:20.0.1] AndroidManifest.xml:69:25-86
194
195                <category android:name="android.intent.category.DEFAULT" />
195-->src\main\AndroidManifest.xml:42:17-76
195-->src\main\AndroidManifest.xml:42:27-73
196            </intent-filter>
197        </service>
198        <!--
199             FirebaseMessagingService performs security checks at runtime,
200             but set to not exported to explicitly avoid allowing another app to call it.
201        -->
202        <service
202-->[com.google.firebase:firebase-messaging:21.0.1] AndroidManifest.xml:28:9-35:19
203            android:name="com.google.firebase.messaging.FirebaseMessagingService"
203-->[com.google.firebase:firebase-messaging:21.0.1] AndroidManifest.xml:29:13-82
204            android:directBootAware="true"
204-->[com.google.firebase:firebase-messaging:21.0.1] AndroidManifest.xml:30:13-43
205            android:exported="false" >
205-->[com.google.firebase:firebase-messaging:21.0.1] AndroidManifest.xml:31:13-37
206            <intent-filter android:priority="-500" >
206-->[:firebase_messaging] AndroidManifest.xml:9:13-11:29
207                <action android:name="com.google.firebase.MESSAGING_EVENT" />
207-->[:firebase_messaging] AndroidManifest.xml:10:17-78
207-->[:firebase_messaging] AndroidManifest.xml:10:25-75
208            </intent-filter>
209        </service>
210
211        <receiver
211-->[com.google.firebase:firebase-iid:21.0.1] AndroidManifest.xml:37:9-44:20
212            android:name="com.google.firebase.iid.FirebaseInstanceIdReceiver"
212-->[com.google.firebase:firebase-iid:21.0.1] AndroidManifest.xml:38:13-78
213            android:exported="true"
213-->[com.google.firebase:firebase-iid:21.0.1] AndroidManifest.xml:39:13-36
214            android:permission="com.google.android.c2dm.permission.SEND" >
214-->[com.google.firebase:firebase-iid:21.0.1] AndroidManifest.xml:40:13-73
215            <intent-filter>
215-->[com.google.firebase:firebase-iid:21.0.1] AndroidManifest.xml:41:13-43:29
216                <action android:name="com.google.android.c2dm.intent.RECEIVE" />
216-->[com.google.firebase:firebase-iid:21.0.1] AndroidManifest.xml:42:17-81
216-->[com.google.firebase:firebase-iid:21.0.1] AndroidManifest.xml:42:25-78
217            </intent-filter>
218        </receiver>
219
220        <activity
220-->[com.google.android.gms:play-services-base:17.1.0] AndroidManifest.xml:23:9-26:75
221            android:name="com.google.android.gms.common.api.GoogleApiActivity"
221-->[com.google.android.gms:play-services-base:17.1.0] AndroidManifest.xml:24:13-79
222            android:exported="false"
222-->[com.google.android.gms:play-services-base:17.1.0] AndroidManifest.xml:25:13-37
223            android:theme="@android:style/Theme.Translucent.NoTitleBar" />
223-->[com.google.android.gms:play-services-base:17.1.0] AndroidManifest.xml:26:13-72
224
225        <provider
225-->[com.google.firebase:firebase-common:19.5.0] AndroidManifest.xml:26:9-31:39
226            android:name="com.google.firebase.provider.FirebaseInitProvider"
226-->[com.google.firebase:firebase-common:19.5.0] AndroidManifest.xml:27:13-77
227            android:authorities="com.example.chat_app.firebaseinitprovider"
227-->[com.google.firebase:firebase-common:19.5.0] AndroidManifest.xml:28:13-72
228            android:directBootAware="true"
228-->[com.google.firebase:firebase-common:19.5.0] AndroidManifest.xml:29:13-43
229            android:exported="false"
229-->[com.google.firebase:firebase-common:19.5.0] AndroidManifest.xml:30:13-37
230            android:initOrder="100" />
230-->[com.google.firebase:firebase-common:19.5.0] AndroidManifest.xml:31:13-36
231
232        <receiver
232-->[com.google.android.gms:play-services-measurement:18.0.0] AndroidManifest.xml:29:9-33:20
233            android:name="com.google.android.gms.measurement.AppMeasurementReceiver"
233-->[com.google.android.gms:play-services-measurement:18.0.0] AndroidManifest.xml:30:13-85
234            android:enabled="true"
234-->[com.google.android.gms:play-services-measurement:18.0.0] AndroidManifest.xml:31:13-35
235            android:exported="false" >
235-->[com.google.android.gms:play-services-measurement:18.0.0] AndroidManifest.xml:32:13-37
236        </receiver>
237
238        <service
238-->[com.google.android.gms:play-services-measurement:18.0.0] AndroidManifest.xml:35:9-38:40
239            android:name="com.google.android.gms.measurement.AppMeasurementService"
239-->[com.google.android.gms:play-services-measurement:18.0.0] AndroidManifest.xml:36:13-84
240            android:enabled="true"
240-->[com.google.android.gms:play-services-measurement:18.0.0] AndroidManifest.xml:37:13-35
241            android:exported="false" />
241-->[com.google.android.gms:play-services-measurement:18.0.0] AndroidManifest.xml:38:13-37
242        <service
242-->[com.google.android.gms:play-services-measurement:18.0.0] AndroidManifest.xml:39:9-43:72
243            android:name="com.google.android.gms.measurement.AppMeasurementJobService"
243-->[com.google.android.gms:play-services-measurement:18.0.0] AndroidManifest.xml:40:13-87
244            android:enabled="true"
244-->[com.google.android.gms:play-services-measurement:18.0.0] AndroidManifest.xml:41:13-35
245            android:exported="false"
245-->[com.google.android.gms:play-services-measurement:18.0.0] AndroidManifest.xml:42:13-37
246            android:permission="android.permission.BIND_JOB_SERVICE" />
246-->[com.google.android.gms:play-services-measurement:18.0.0] AndroidManifest.xml:43:13-69
247
248        <meta-data
248-->[com.google.android.gms:play-services-basement:17.1.0] AndroidManifest.xml:23:9-25:69
249            android:name="com.google.android.gms.version"
249-->[com.google.android.gms:play-services-basement:17.1.0] AndroidManifest.xml:24:13-58
250            android:value="@integer/google_play_services_version" />
250-->[com.google.android.gms:play-services-basement:17.1.0] AndroidManifest.xml:25:13-66
251
252        <service
252-->[com.google.android.datatransport:transport-backend-cct:2.3.3] AndroidManifest.xml:29:9-35:19
253            android:name="com.google.android.datatransport.runtime.backends.TransportBackendDiscovery"
253-->[com.google.android.datatransport:transport-backend-cct:2.3.3] AndroidManifest.xml:30:13-103
254            android:exported="false" >
254-->[com.google.android.datatransport:transport-backend-cct:2.3.3] AndroidManifest.xml:31:13-37
255            <meta-data
255-->[com.google.android.datatransport:transport-backend-cct:2.3.3] AndroidManifest.xml:32:13-34:39
256                android:name="backend:com.google.android.datatransport.cct.CctBackendFactory"
256-->[com.google.android.datatransport:transport-backend-cct:2.3.3] AndroidManifest.xml:33:17-94
257                android:value="cct" />
257-->[com.google.android.datatransport:transport-backend-cct:2.3.3] AndroidManifest.xml:34:17-36
258        </service>
259        <service
259-->[com.google.android.datatransport:transport-runtime:2.2.5] AndroidManifest.xml:26:9-30:19
260            android:name="com.google.android.datatransport.runtime.scheduling.jobscheduling.JobInfoSchedulerService"
260-->[com.google.android.datatransport:transport-runtime:2.2.5] AndroidManifest.xml:27:13-117
261            android:exported="false"
261-->[com.google.android.datatransport:transport-runtime:2.2.5] AndroidManifest.xml:28:13-37
262            android:permission="android.permission.BIND_JOB_SERVICE" >
262-->[com.google.android.datatransport:transport-runtime:2.2.5] AndroidManifest.xml:29:13-69
263        </service>
264
265        <receiver
265-->[com.google.android.datatransport:transport-runtime:2.2.5] AndroidManifest.xml:32:9-34:40
266            android:name="com.google.android.datatransport.runtime.scheduling.jobscheduling.AlarmManagerSchedulerBroadcastReceiver"
266-->[com.google.android.datatransport:transport-runtime:2.2.5] AndroidManifest.xml:33:13-132
267            android:exported="false" />
267-->[com.google.android.datatransport:transport-runtime:2.2.5] AndroidManifest.xml:34:13-37
268    </application>
269
270</manifest>